<?xml version="1.0" encoding="UTF-8"?>
<!-- Generated by org.testng.reporters.JUnitReportReporter -->
<testsuite skipped="0" hostname="MacBook-Pro.Dlink" name="com.neophotonics.homepage_sampleScript" tests="1" failures="0" timestamp="2020-06-21T00:48:02 IST" time="21.521" errors="0">
  <testcase name="homepageTest" time="21.521" classname="com.neophotonics.homepage_sampleScript"/>
  <system-out/>
</testsuite> <!-- com.neophotonics.homepage_sampleScript -->
